/blue/alberto.perezant/liweichang/msm/MultipleComparisons
c41a-s21.ufhpc
Sun Nov  8 21:33:46 EST 2020
/home/liweichang/anaconda3/envs/msm/bin/python
[I 21:34:25.013 NotebookApp] [jupyter_nbextensions_configurator] enabled 0.4.1
[I 21:34:25.069 NotebookApp] Serving notebooks from local directory: /blue/alberto.perezant/liweichang/msm/MultipleComparisons
[I 21:34:25.069 NotebookApp] Jupyter Notebook 6.1.1 is running at:
[I 21:34:25.069 NotebookApp] http://c41a-s21.ufhpc:8888/?token=5a2276554dffa9f2ceae5da0b3ffffaa51ac62310bc8a349
[I 21:34:25.069 NotebookApp]  or http://127.0.0.1:8888/?token=5a2276554dffa9f2ceae5da0b3ffffaa51ac62310bc8a349
[I 21:34:25.069 NotebookApp] Use Control-C to stop this server and shut down all kernels (twice to skip confirmation).
[C 21:34:25.098 NotebookApp] 
    
    To access the notebook, open this file in a browser:
        file:///home/liweichang/.local/share/jupyter/runtime/nbserver-80801-open.html
    Or copy and paste one of these URLs:
        http://c41a-s21.ufhpc:8888/?token=5a2276554dffa9f2ceae5da0b3ffffaa51ac62310bc8a349
     or http://127.0.0.1:8888/?token=5a2276554dffa9f2ceae5da0b3ffffaa51ac62310bc8a349
[I 21:34:54.391 NotebookApp] 302 GET / (172.16.206.11) 0.36ms
[W 21:35:06.310 NotebookApp] Notebook Hierachical_clustering.ipynb is not trusted
[I 21:35:07.297 NotebookApp] Kernel started: 2859d4ce-3386-49f8-88f2-da92bf6d7937, name: python3
[I 21:35:11.141 NotebookApp] Kernel started: 83b8d228-429c-4540-bbca-08e5026c9bd7, name: python3
[I 21:39:11.174 NotebookApp] Saving file at /clustering_functions.ipynb
[I 21:43:11.226 NotebookApp] Saving file at /clustering_functions.ipynb
slurmstepd: error: *** JOB 60869953 ON c41a-s1 CANCELLED AT 2020-11-08T21:43:34 DUE TO TIME LIMIT ***
[I 21:45:11.179 NotebookApp] Saving file at /clustering_functions.ipynb
[I 21:47:11.173 NotebookApp] Saving file at /clustering_functions.ipynb
[I 21:49:11.182 NotebookApp] Saving file at /clustering_functions.ipynb
[I 21:51:11.177 NotebookApp] Saving file at /clustering_functions.ipynb
[I 21:53:11.183 NotebookApp] Saving file at /clustering_functions.ipynb
[I 21:55:11.223 NotebookApp] Saving file at /clustering_functions.ipynb
[I 21:57:11.197 NotebookApp] Saving file at /clustering_functions.ipynb
[I 21:59:11.193 NotebookApp] Saving file at /clustering_functions.ipynb
[I 22:01:11.197 NotebookApp] Saving file at /clustering_functions.ipynb
[I 22:03:11.197 NotebookApp] Saving file at /clustering_functions.ipynb
[I 22:05:11.196 NotebookApp] Saving file at /clustering_functions.ipynb
[I 22:11:11.193 NotebookApp] Saving file at /clustering_functions.ipynb
[I 22:13:11.203 NotebookApp] Saving file at /clustering_functions.ipynb
[I 22:15:11.239 NotebookApp] Saving file at /clustering_functions.ipynb
[I 22:17:11.207 NotebookApp] Saving file at /clustering_functions.ipynb
[I 22:19:11.201 NotebookApp] Saving file at /clustering_functions.ipynb
[I 22:21:11.228 NotebookApp] Saving file at /clustering_functions.ipynb
[I 22:23:11.217 NotebookApp] Saving file at /clustering_functions.ipynb
[I 22:25:11.229 NotebookApp] Saving file at /clustering_functions.ipynb
[I 22:27:11.216 NotebookApp] Saving file at /clustering_functions.ipynb
[I 22:29:11.266 NotebookApp] Saving file at /clustering_functions.ipynb
[I 22:31:11.240 NotebookApp] Saving file at /clustering_functions.ipynb
[I 22:33:11.241 NotebookApp] Saving file at /clustering_functions.ipynb
[I 22:47:11.615 NotebookApp] Saving file at /clustering_functions.ipynb
[I 22:48:27.079 NotebookApp] Saving file at /clustering_functions.ipynb
[I 22:49:07.845 NotebookApp] Saving file at /Hierachical_clustering.ipynb
[W 22:49:07.845 NotebookApp] Notebook Hierachical_clustering.ipynb is not trusted
[I 22:49:11.245 NotebookApp] Saving file at /clustering_functions.ipynb
[I 22:49:37.897 NotebookApp] Saving file at /clustering_functions.ipynb
[I 22:54:52.822 NotebookApp] Creating new notebook in 
[I 22:54:54.110 NotebookApp] Kernel started: ab1f70a0-a7ce-4ed7-8441-649113574fae, name: python3
[I 22:56:18.923 NotebookApp] Saving file at /clustering_functions.ipynb
[I 22:56:26.955 NotebookApp] Saving file at /clustering_functions.ipynb
[I 22:56:42.807 NotebookApp] Saving file at /clustering_functions.ipynb
[I 22:56:54.115 NotebookApp] Saving file at /two_test_results.ipynb
[I 23:02:23.126 NotebookApp] Saving file at /Hierachical_clustering.ipynb
[W 23:02:23.127 NotebookApp] Notebook Hierachical_clustering.ipynb is not trusted
[I 23:02:40.860 NotebookApp] Saving file at /clustering.py
[I 23:03:11.323 NotebookApp] Saving file at /clustering_functions.ipynb
[I 23:07:11.487 NotebookApp] Saving file at /clustering_functions.ipynb
[I 23:09:11.259 NotebookApp] Saving file at /clustering_functions.ipynb
[I 23:11:11.267 NotebookApp] Saving file at /clustering_functions.ipynb
[I 23:13:11.269 NotebookApp] Saving file at /clustering_functions.ipynb
[I 23:17:11.294 NotebookApp] Saving file at /clustering_functions.ipynb
[I 23:19:11.267 NotebookApp] Saving file at /clustering_functions.ipynb
[I 23:21:11.277 NotebookApp] Saving file at /clustering_functions.ipynb
[I 23:23:11.277 NotebookApp] Saving file at /clustering_functions.ipynb
[I 23:25:11.273 NotebookApp] Saving file at /clustering_functions.ipynb
[I 23:31:11.279 NotebookApp] Saving file at /clustering_functions.ipynb
[I 23:33:07.843 NotebookApp] Saving file at /Hierachical_clustering.ipynb
[W 23:33:07.844 NotebookApp] Notebook Hierachical_clustering.ipynb is not trusted
[I 23:35:07.794 NotebookApp] Saving file at /Hierachical_clustering.ipynb
[W 23:35:07.794 NotebookApp] Notebook Hierachical_clustering.ipynb is not trusted
[I 23:37:07.770 NotebookApp] Saving file at /Hierachical_clustering.ipynb
[W 23:37:07.770 NotebookApp] Notebook Hierachical_clustering.ipynb is not trusted
[I 23:39:07.618 NotebookApp] Saving file at /Hierachical_clustering.ipynb
[W 23:39:07.619 NotebookApp] Notebook Hierachical_clustering.ipynb is not trusted
[I 23:39:11.522 NotebookApp] Saving file at /clustering_functions.ipynb
[I 23:41:07.571 NotebookApp] Saving file at /Hierachical_clustering.ipynb
[W 23:41:07.571 NotebookApp] Notebook Hierachical_clustering.ipynb is not trusted
[I 23:43:07.591 NotebookApp] Saving file at /Hierachical_clustering.ipynb
[W 23:43:07.592 NotebookApp] Notebook Hierachical_clustering.ipynb is not trusted
[I 23:45:07.597 NotebookApp] Saving file at /Hierachical_clustering.ipynb
[W 23:45:07.597 NotebookApp] Notebook Hierachical_clustering.ipynb is not trusted
[I 23:46:24.551 NotebookApp] Saving file at /Hierachical_clustering.ipynb
[W 23:46:24.551 NotebookApp] Notebook Hierachical_clustering.ipynb is not trusted
[I 23:51:07.608 NotebookApp] Saving file at /Hierachical_clustering.ipynb
[W 23:51:07.608 NotebookApp] Notebook Hierachical_clustering.ipynb is not trusted
[I 23:53:07.658 NotebookApp] Saving file at /Hierachical_clustering.ipynb
[W 23:53:07.659 NotebookApp] Notebook Hierachical_clustering.ipynb is not trusted
[I 23:55:06.247 NotebookApp] Saving file at /Hierachical_clustering.ipynb
[W 23:55:06.248 NotebookApp] Notebook Hierachical_clustering.ipynb is not trusted
[I 23:57:07.725 NotebookApp] Saving file at /Hierachical_clustering.ipynb
[W 23:57:07.725 NotebookApp] Notebook Hierachical_clustering.ipynb is not trusted
[I 00:01:11.543 NotebookApp] Saving file at /clustering_functions.ipynb
[I 00:04:27.038 NotebookApp] Saving file at /clustering_functions.ipynb
[I 00:05:54.763 NotebookApp] Kernel started: 8d035997-8274-4b1c-bec2-c5d3fc5ea2d2, name: python3
[I 00:06:10.662 NotebookApp] Starting buffering for 8d035997-8274-4b1c-bec2-c5d3fc5ea2d2:e0cecf9ade2e497a8d2282aa00726509
[I 00:06:14.820 NotebookApp] Kernel shutdown: 8d035997-8274-4b1c-bec2-c5d3fc5ea2d2
[W 00:06:59.664 NotebookApp] delete /clustering_functions.py
[W 00:06:59.665 NotebookApp] Skipping trash for /blue/alberto.perezant/liweichang/msm/MultipleComparisons/clustering_functions.py, on different device to home directory
[I 00:07:07.781 NotebookApp] Saving file at /clustering_functions.ipynb
[I 00:10:13.359 NotebookApp] Starting buffering for 83b8d228-429c-4540-bbca-08e5026c9bd7:3cef89082d1b4263855920cb44ac6134
[W 00:10:43.696 NotebookApp] delete /clustering.py
[W 00:10:43.696 NotebookApp] Skipping trash for /blue/alberto.perezant/liweichang/msm/MultipleComparisons/clustering.py, on different device to home directory
[W 00:11:14.556 NotebookApp] delete /hie_multiclustering.py
[W 00:11:14.556 NotebookApp] Skipping trash for /blue/alberto.perezant/liweichang/msm/MultipleComparisons/hie_multiclustering.py, on different device to home directory
[I 00:12:54.193 NotebookApp] Saving file at /two_test_results.ipynb
